ARM GAS  /tmp/ccYlJkKw.s 			page 1


   1              		.arch armv7e-m
   2              		.eabi_attribute 27, 1
   3              		.eabi_attribute 28, 1
   4              		.eabi_attribute 20, 1
   5              		.eabi_attribute 21, 1
   6              		.eabi_attribute 23, 3
   7              		.eabi_attribute 24, 1
   8              		.eabi_attribute 25, 1
   9              		.eabi_attribute 26, 1
  10              		.eabi_attribute 30, 2
  11              		.eabi_attribute 34, 1
  12              		.eabi_attribute 18, 4
  13              		.file	"pgm_syscalls.c"
  14              		.text
  15              	.Ltext0:
  16              		.cfi_sections	.debug_frame
  17              		.section	.text._read,"ax",%progbits
  18              		.align	1
  19              		.p2align 2,,3
  20              		.global	_read
  21              		.syntax unified
  22              		.thumb
  23              		.thumb_func
  24              		.fpu fpv4-sp-d16
  26              	_read:
  27              	.LFB17:
  28              		.file 1 "dmcp/sys/pgm_syscalls.c"
   1:dmcp/sys/pgm_syscalls.c **** /*
   2:dmcp/sys/pgm_syscalls.c **** 
   3:dmcp/sys/pgm_syscalls.c **** BSD 3-Clause License
   4:dmcp/sys/pgm_syscalls.c **** 
   5:dmcp/sys/pgm_syscalls.c **** Copyright (c) 2018, SwissMicros
   6:dmcp/sys/pgm_syscalls.c **** All rights reserved.
   7:dmcp/sys/pgm_syscalls.c **** 
   8:dmcp/sys/pgm_syscalls.c **** Redistribution and use in source and binary forms, with or without
   9:dmcp/sys/pgm_syscalls.c **** modification, are permitted provided that the following conditions are met:
  10:dmcp/sys/pgm_syscalls.c **** 
  11:dmcp/sys/pgm_syscalls.c **** * Redistributions of source code must retain the above copyright notice, this
  12:dmcp/sys/pgm_syscalls.c ****   list of conditions and the following disclaimer.
  13:dmcp/sys/pgm_syscalls.c **** 
  14:dmcp/sys/pgm_syscalls.c **** * Redistributions in binary form must reproduce the above copyright notice,
  15:dmcp/sys/pgm_syscalls.c ****   this list of conditions and the following disclaimer in the documentation
  16:dmcp/sys/pgm_syscalls.c ****   and/or other materials provided with the distribution.
  17:dmcp/sys/pgm_syscalls.c **** 
  18:dmcp/sys/pgm_syscalls.c **** * Neither the name of the copyright holder nor the names of its
  19:dmcp/sys/pgm_syscalls.c ****   contributors may be used to endorse or promote products derived from
  20:dmcp/sys/pgm_syscalls.c ****   this software without specific prior written permission.
  21:dmcp/sys/pgm_syscalls.c **** 
  22:dmcp/sys/pgm_syscalls.c **** THIS SOFTWARE IS PROVIDED BY THE COPYRIGHT HOLDERS AND CONTRIBUTORS "AS IS"
  23:dmcp/sys/pgm_syscalls.c **** AND ANY EXPRESS OR IMPLIED WARRANTIES, INCLUDING, BUT NOT LIMITED TO, THE
  24:dmcp/sys/pgm_syscalls.c **** IMPLIED WARRANTIES OF MERCHANTABILITY AND FITNESS FOR A PARTICULAR PURPOSE ARE
  25:dmcp/sys/pgm_syscalls.c **** DISCLAIMED. IN NO EVENT SHALL THE COPYRIGHT HOLDER OR CONTRIBUTORS BE LIABLE
  26:dmcp/sys/pgm_syscalls.c **** FOR ANY DIRECT, INDIRECT, INCIDENTAL, SPECIAL, EXEMPLARY, OR CONSEQUENTIAL
  27:dmcp/sys/pgm_syscalls.c **** DAMAGES (INCLUDING, BUT NOT LIMITED TO, PROCUREMENT OF SUBSTITUTE GOODS OR
  28:dmcp/sys/pgm_syscalls.c **** SERVICES; LOSS OF USE, DATA, OR PROFITS; OR BUSINESS INTERRUPTION) HOWEVER
  29:dmcp/sys/pgm_syscalls.c **** CAUSED AND ON ANY THEORY OF LIABILITY, WHETHER IN CONTRACT, STRICT LIABILITY,
  30:dmcp/sys/pgm_syscalls.c **** OR TORT (INCLUDING NEGLIGENCE OR OTHERWISE) ARISING IN ANY WAY OUT OF THE USE
ARM GAS  /tmp/ccYlJkKw.s 			page 2


  31:dmcp/sys/pgm_syscalls.c **** OF THIS SOFTWARE, EVEN IF ADVISED OF THE POSSIBILITY OF SUCH DAMAGE.
  32:dmcp/sys/pgm_syscalls.c **** 
  33:dmcp/sys/pgm_syscalls.c **** 
  34:dmcp/sys/pgm_syscalls.c ****   The software and related material is released as “NOMAS”  (NOt MAnufacturer Supported). 
  35:dmcp/sys/pgm_syscalls.c **** 
  36:dmcp/sys/pgm_syscalls.c ****   1. Info is released to assist customers using, exploring and extending the product
  37:dmcp/sys/pgm_syscalls.c ****   2. Do NOT contact the manufacturer with questions, seeking support, etc. regarding
  38:dmcp/sys/pgm_syscalls.c ****      NOMAS material as no support is implied or committed-to by the Manufacturer
  39:dmcp/sys/pgm_syscalls.c ****   3. The Manufacturer may reply and/or update materials if and when needed solely
  40:dmcp/sys/pgm_syscalls.c ****      at their discretion
  41:dmcp/sys/pgm_syscalls.c **** 
  42:dmcp/sys/pgm_syscalls.c **** */
  43:dmcp/sys/pgm_syscalls.c **** 
  44:dmcp/sys/pgm_syscalls.c **** #include <sys/stat.h>
  45:dmcp/sys/pgm_syscalls.c **** #include <stdlib.h>
  46:dmcp/sys/pgm_syscalls.c **** #include <errno.h>
  47:dmcp/sys/pgm_syscalls.c **** #include <stdio.h>
  48:dmcp/sys/pgm_syscalls.c **** #include <signal.h>
  49:dmcp/sys/pgm_syscalls.c **** #include <time.h>
  50:dmcp/sys/pgm_syscalls.c **** #include <sys/time.h>
  51:dmcp/sys/pgm_syscalls.c **** #include <sys/times.h>
  52:dmcp/sys/pgm_syscalls.c **** 
  53:dmcp/sys/pgm_syscalls.c **** #include <dmcp.h>
  54:dmcp/sys/pgm_syscalls.c **** 
  55:dmcp/sys/pgm_syscalls.c **** #include <main.h>
  56:dmcp/sys/pgm_syscalls.c **** #include <qspi_crc.h>
  57:dmcp/sys/pgm_syscalls.c **** 
  58:dmcp/sys/pgm_syscalls.c **** void Program_Entry();
  59:dmcp/sys/pgm_syscalls.c **** 
  60:dmcp/sys/pgm_syscalls.c **** prog_info_t const prog_info = {
  61:dmcp/sys/pgm_syscalls.c **** 	PROG_INFO_MAGIC,       // uint32_t pgm_magic;
  62:dmcp/sys/pgm_syscalls.c **** 	0,                     // uint32_t pgm_size;
  63:dmcp/sys/pgm_syscalls.c **** 	(void*)Program_Entry,  // void * pgm_entry;
  64:dmcp/sys/pgm_syscalls.c **** 	PLATFORM_IFC_CNR,      // uint32_t ifc_cnr;
  65:dmcp/sys/pgm_syscalls.c **** 	PLATFORM_IFC_VER,      // uint32_t ifc_ver;
  66:dmcp/sys/pgm_syscalls.c **** 	QSPI_DATA_SIZE,        // uint32_t qspi_size;
  67:dmcp/sys/pgm_syscalls.c **** 	QSPI_DATA_CRC,         // uint32_t qspi_crc;
  68:dmcp/sys/pgm_syscalls.c **** 	PROGRAM_NAME,          // char pgm_name[16];
  69:dmcp/sys/pgm_syscalls.c **** 	PROGRAM_VERSION        // char pg
  70:dmcp/sys/pgm_syscalls.c **** };
  71:dmcp/sys/pgm_syscalls.c **** 
  72:dmcp/sys/pgm_syscalls.c **** 
  73:dmcp/sys/pgm_syscalls.c **** 
  74:dmcp/sys/pgm_syscalls.c **** int _read (int file, char *ptr, int len)
  75:dmcp/sys/pgm_syscalls.c **** {
  29              		.loc 1 75 0
  30              		.cfi_startproc
  31              		@ args = 0, pretend = 0, frame = 0
  32              		@ frame_needed = 0, uses_anonymous_args = 0
  33              		@ link register save eliminated.
  34              	.LVL0:
  76:dmcp/sys/pgm_syscalls.c **** 	return len;
  77:dmcp/sys/pgm_syscalls.c **** }
  35              		.loc 1 77 0
  36 0000 1046     		mov	r0, r2
  37              	.LVL1:
  38 0002 7047     		bx	lr
ARM GAS  /tmp/ccYlJkKw.s 			page 3


  39              		.cfi_endproc
  40              	.LFE17:
  42              		.section	.text._write,"ax",%progbits
  43              		.align	1
  44              		.p2align 2,,3
  45              		.global	_write
  46              		.syntax unified
  47              		.thumb
  48              		.thumb_func
  49              		.fpu fpv4-sp-d16
  51              	_write:
  52              	.LFB18:
  78:dmcp/sys/pgm_syscalls.c **** 
  79:dmcp/sys/pgm_syscalls.c **** 
  80:dmcp/sys/pgm_syscalls.c **** int _write(int file, char *ptr, int len)
  81:dmcp/sys/pgm_syscalls.c **** {
  53              		.loc 1 81 0
  54              		.cfi_startproc
  55              		@ args = 0, pretend = 0, frame = 0
  56              		@ frame_needed = 0, uses_anonymous_args = 0
  57              		@ link register save eliminated.
  58              	.LVL2:
  82:dmcp/sys/pgm_syscalls.c **** 	// Routed to OS, where it is printed to ITM
  83:dmcp/sys/pgm_syscalls.c **** 	return __sysfn__write(file, ptr, len);
  59              		.loc 1 83 0
  60 0000 004B     		ldr	r3, .L3
  61 0002 1847     		bx	r3
  62              	.LVL3:
  63              	.L4:
  64              		.align	2
  65              	.L3:
  66 0004 11020008 		.word	134218257
  67              		.cfi_endproc
  68              	.LFE18:
  70              		.section	.text._close,"ax",%progbits
  71              		.align	1
  72              		.p2align 2,,3
  73              		.global	_close
  74              		.syntax unified
  75              		.thumb
  76              		.thumb_func
  77              		.fpu fpv4-sp-d16
  79              	_close:
  80              	.LFB19:
  84:dmcp/sys/pgm_syscalls.c **** }
  85:dmcp/sys/pgm_syscalls.c **** 
  86:dmcp/sys/pgm_syscalls.c **** 
  87:dmcp/sys/pgm_syscalls.c **** int _close(int file)
  88:dmcp/sys/pgm_syscalls.c **** {
  81              		.loc 1 88 0
  82              		.cfi_startproc
  83              		@ args = 0, pretend = 0, frame = 0
  84              		@ frame_needed = 0, uses_anonymous_args = 0
  85              		@ link register save eliminated.
  86              	.LVL4:
  89:dmcp/sys/pgm_syscalls.c **** 	return -1;
  90:dmcp/sys/pgm_syscalls.c **** }
ARM GAS  /tmp/ccYlJkKw.s 			page 4


  87              		.loc 1 90 0
  88 0000 4FF0FF30 		mov	r0, #-1
  89              	.LVL5:
  90 0004 7047     		bx	lr
  91              		.cfi_endproc
  92              	.LFE19:
  94 0006 00BF     		.section	.text._fstat,"ax",%progbits
  95              		.align	1
  96              		.p2align 2,,3
  97              		.global	_fstat
  98              		.syntax unified
  99              		.thumb
 100              		.thumb_func
 101              		.fpu fpv4-sp-d16
 103              	_fstat:
 104              	.LFB20:
  91:dmcp/sys/pgm_syscalls.c **** 
  92:dmcp/sys/pgm_syscalls.c **** 
  93:dmcp/sys/pgm_syscalls.c **** int _fstat(int file, struct stat *st)
  94:dmcp/sys/pgm_syscalls.c **** {
 105              		.loc 1 94 0
 106              		.cfi_startproc
 107              		@ args = 0, pretend = 0, frame = 0
 108              		@ frame_needed = 0, uses_anonymous_args = 0
 109              		@ link register save eliminated.
 110              	.LVL6:
  95:dmcp/sys/pgm_syscalls.c **** 	st->st_mode = S_IFCHR;
 111              		.loc 1 95 0
 112 0000 4FF40053 		mov	r3, #8192
 113 0004 4B60     		str	r3, [r1, #4]
  96:dmcp/sys/pgm_syscalls.c **** 	return 0;
  97:dmcp/sys/pgm_syscalls.c **** }
 114              		.loc 1 97 0
 115 0006 0020     		movs	r0, #0
 116              	.LVL7:
 117 0008 7047     		bx	lr
 118              		.cfi_endproc
 119              	.LFE20:
 121 000a 00BF     		.section	.text._isatty,"ax",%progbits
 122              		.align	1
 123              		.p2align 2,,3
 124              		.global	_isatty
 125              		.syntax unified
 126              		.thumb
 127              		.thumb_func
 128              		.fpu fpv4-sp-d16
 130              	_isatty:
 131              	.LFB21:
  98:dmcp/sys/pgm_syscalls.c **** 
  99:dmcp/sys/pgm_syscalls.c **** int _isatty(int file)
 100:dmcp/sys/pgm_syscalls.c **** {
 132              		.loc 1 100 0
 133              		.cfi_startproc
 134              		@ args = 0, pretend = 0, frame = 0
 135              		@ frame_needed = 0, uses_anonymous_args = 0
 136              		@ link register save eliminated.
 137              	.LVL8:
ARM GAS  /tmp/ccYlJkKw.s 			page 5


 101:dmcp/sys/pgm_syscalls.c **** 	return 1;
 102:dmcp/sys/pgm_syscalls.c **** }
 138              		.loc 1 102 0
 139 0000 0120     		movs	r0, #1
 140              	.LVL9:
 141 0002 7047     		bx	lr
 142              		.cfi_endproc
 143              	.LFE21:
 145              		.section	.text._lseek,"ax",%progbits
 146              		.align	1
 147              		.p2align 2,,3
 148              		.global	_lseek
 149              		.syntax unified
 150              		.thumb
 151              		.thumb_func
 152              		.fpu fpv4-sp-d16
 154              	_lseek:
 155              	.LFB22:
 103:dmcp/sys/pgm_syscalls.c **** 
 104:dmcp/sys/pgm_syscalls.c **** int _lseek(int file, int ptr, int dir)
 105:dmcp/sys/pgm_syscalls.c **** {
 156              		.loc 1 105 0
 157              		.cfi_startproc
 158              		@ args = 0, pretend = 0, frame = 0
 159              		@ frame_needed = 0, uses_anonymous_args = 0
 160              		@ link register save eliminated.
 161              	.LVL10:
 106:dmcp/sys/pgm_syscalls.c **** 	return 0;
 107:dmcp/sys/pgm_syscalls.c **** }
 162              		.loc 1 107 0
 163 0000 0020     		movs	r0, #0
 164              	.LVL11:
 165 0002 7047     		bx	lr
 166              		.cfi_endproc
 167              	.LFE22:
 169              		.section	.text._kill,"ax",%progbits
 170              		.align	1
 171              		.p2align 2,,3
 172              		.global	_kill
 173              		.syntax unified
 174              		.thumb
 175              		.thumb_func
 176              		.fpu fpv4-sp-d16
 178              	_kill:
 179              	.LFB23:
 108:dmcp/sys/pgm_syscalls.c **** 
 109:dmcp/sys/pgm_syscalls.c **** int _kill(int pid, int sig)
 110:dmcp/sys/pgm_syscalls.c **** {
 180              		.loc 1 110 0
 181              		.cfi_startproc
 182              		@ args = 0, pretend = 0, frame = 0
 183              		@ frame_needed = 0, uses_anonymous_args = 0
 184              	.LVL12:
 185 0000 08B5     		push	{r3, lr}
 186              		.cfi_def_cfa_offset 8
 187              		.cfi_offset 3, -8
 188              		.cfi_offset 14, -4
ARM GAS  /tmp/ccYlJkKw.s 			page 6


 111:dmcp/sys/pgm_syscalls.c **** 	errno = EINVAL;
 189              		.loc 1 111 0
 190 0002 FFF7FEFF 		bl	__errno
 191              	.LVL13:
 192 0006 1623     		movs	r3, #22
 193 0008 0360     		str	r3, [r0]
 112:dmcp/sys/pgm_syscalls.c **** 	return -1;
 113:dmcp/sys/pgm_syscalls.c **** }
 194              		.loc 1 113 0
 195 000a 4FF0FF30 		mov	r0, #-1
 196 000e 08BD     		pop	{r3, pc}
 197              		.cfi_endproc
 198              	.LFE23:
 200              		.section	.text._getpid,"ax",%progbits
 201              		.align	1
 202              		.p2align 2,,3
 203              		.global	_getpid
 204              		.syntax unified
 205              		.thumb
 206              		.thumb_func
 207              		.fpu fpv4-sp-d16
 209              	_getpid:
 210              	.LFB24:
 114:dmcp/sys/pgm_syscalls.c **** 
 115:dmcp/sys/pgm_syscalls.c **** int _getpid(void)
 116:dmcp/sys/pgm_syscalls.c **** {
 211              		.loc 1 116 0
 212              		.cfi_startproc
 213              		@ args = 0, pretend = 0, frame = 0
 214              		@ frame_needed = 0, uses_anonymous_args = 0
 215              		@ link register save eliminated.
 117:dmcp/sys/pgm_syscalls.c **** 	return 1;
 118:dmcp/sys/pgm_syscalls.c **** }
 216              		.loc 1 118 0
 217 0000 0120     		movs	r0, #1
 218 0002 7047     		bx	lr
 219              		.cfi_endproc
 220              	.LFE24:
 222              		.section	.text.free,"ax",%progbits
 223              		.align	1
 224              		.p2align 2,,3
 225              		.global	free
 226              		.syntax unified
 227              		.thumb
 228              		.thumb_func
 229              		.fpu fpv4-sp-d16
 231              	free:
 232              	.LFB25:
 119:dmcp/sys/pgm_syscalls.c **** 
 120:dmcp/sys/pgm_syscalls.c **** 
 121:dmcp/sys/pgm_syscalls.c **** 
 122:dmcp/sys/pgm_syscalls.c **** void free(void *ptr) {
 233              		.loc 1 122 0
 234              		.cfi_startproc
 235              		@ args = 0, pretend = 0, frame = 0
 236              		@ frame_needed = 0, uses_anonymous_args = 0
 237              		@ link register save eliminated.
ARM GAS  /tmp/ccYlJkKw.s 			page 7


 238              	.LVL14:
 123:dmcp/sys/pgm_syscalls.c **** 	__sysfn_free(ptr);
 239              		.loc 1 123 0
 240 0000 004B     		ldr	r3, .L13
 241 0002 1847     		bx	r3	@ indirect register sibling call
 242              	.LVL15:
 243              	.L14:
 244              		.align	2
 245              	.L13:
 246 0004 05020008 		.word	134218245
 247              		.cfi_endproc
 248              	.LFE25:
 250              		.section	.text.malloc,"ax",%progbits
 251              		.align	1
 252              		.p2align 2,,3
 253              		.global	malloc
 254              		.syntax unified
 255              		.thumb
 256              		.thumb_func
 257              		.fpu fpv4-sp-d16
 259              	malloc:
 260              	.LFB26:
 124:dmcp/sys/pgm_syscalls.c **** }
 125:dmcp/sys/pgm_syscalls.c **** 
 126:dmcp/sys/pgm_syscalls.c **** 
 127:dmcp/sys/pgm_syscalls.c **** void *malloc(size_t size) {
 261              		.loc 1 127 0
 262              		.cfi_startproc
 263              		@ args = 0, pretend = 0, frame = 0
 264              		@ frame_needed = 0, uses_anonymous_args = 0
 265              		@ link register save eliminated.
 266              	.LVL16:
 128:dmcp/sys/pgm_syscalls.c **** 	return __sysfn_malloc(size);
 267              		.loc 1 128 0
 268 0000 004B     		ldr	r3, .L16
 269 0002 1847     		bx	r3
 270              	.LVL17:
 271              	.L17:
 272              		.align	2
 273              	.L16:
 274 0004 01020008 		.word	134218241
 275              		.cfi_endproc
 276              	.LFE26:
 278              		.section	.text.calloc,"ax",%progbits
 279              		.align	1
 280              		.p2align 2,,3
 281              		.global	calloc
 282              		.syntax unified
 283              		.thumb
 284              		.thumb_func
 285              		.fpu fpv4-sp-d16
 287              	calloc:
 288              	.LFB27:
 129:dmcp/sys/pgm_syscalls.c **** }
 130:dmcp/sys/pgm_syscalls.c **** 
 131:dmcp/sys/pgm_syscalls.c **** 
 132:dmcp/sys/pgm_syscalls.c **** void *calloc(size_t count, size_t nbytes) {
ARM GAS  /tmp/ccYlJkKw.s 			page 8


 289              		.loc 1 132 0
 290              		.cfi_startproc
 291              		@ args = 0, pretend = 0, frame = 0
 292              		@ frame_needed = 0, uses_anonymous_args = 0
 293              		@ link register save eliminated.
 294              	.LVL18:
 133:dmcp/sys/pgm_syscalls.c **** 	return __sysfn_calloc(count, nbytes);
 295              		.loc 1 133 0
 296 0000 004B     		ldr	r3, .L19
 297 0002 1847     		bx	r3
 298              	.LVL19:
 299              	.L20:
 300              		.align	2
 301              	.L19:
 302 0004 09020008 		.word	134218249
 303              		.cfi_endproc
 304              	.LFE27:
 306              		.section	.text.realloc,"ax",%progbits
 307              		.align	1
 308              		.p2align 2,,3
 309              		.global	realloc
 310              		.syntax unified
 311              		.thumb
 312              		.thumb_func
 313              		.fpu fpv4-sp-d16
 315              	realloc:
 316              	.LFB28:
 134:dmcp/sys/pgm_syscalls.c **** }
 135:dmcp/sys/pgm_syscalls.c **** 
 136:dmcp/sys/pgm_syscalls.c **** void *realloc(void *ptr, size_t size) {
 317              		.loc 1 136 0
 318              		.cfi_startproc
 319              		@ args = 0, pretend = 0, frame = 0
 320              		@ frame_needed = 0, uses_anonymous_args = 0
 321              		@ link register save eliminated.
 322              	.LVL20:
 137:dmcp/sys/pgm_syscalls.c **** 	return __sysfn_realloc(ptr, size);
 323              		.loc 1 137 0
 324 0000 004B     		ldr	r3, .L22
 325 0002 1847     		bx	r3
 326              	.LVL21:
 327              	.L23:
 328              		.align	2
 329              	.L22:
 330 0004 0D020008 		.word	134218253
 331              		.cfi_endproc
 332              	.LFE28:
 334              		.section	.text.__wrap__malloc_r,"ax",%progbits
 335              		.align	1
 336              		.p2align 2,,3
 337              		.global	__wrap__malloc_r
 338              		.syntax unified
 339              		.thumb
 340              		.thumb_func
 341              		.fpu fpv4-sp-d16
 343              	__wrap__malloc_r:
 344              	.LFB29:
ARM GAS  /tmp/ccYlJkKw.s 			page 9


 138:dmcp/sys/pgm_syscalls.c **** }
 139:dmcp/sys/pgm_syscalls.c **** 
 140:dmcp/sys/pgm_syscalls.c **** 
 141:dmcp/sys/pgm_syscalls.c **** 
 142:dmcp/sys/pgm_syscalls.c **** void * __wrap__malloc_r (struct _reent *pr, size_t size) {
 345              		.loc 1 142 0
 346              		.cfi_startproc
 347              		@ args = 0, pretend = 0, frame = 0
 348              		@ frame_needed = 0, uses_anonymous_args = 0
 349              		@ link register save eliminated.
 350              	.LVL22:
 351              	.LBB10:
 352              	.LBB11:
 128:dmcp/sys/pgm_syscalls.c **** }
 353              		.loc 1 128 0
 354 0000 0846     		mov	r0, r1
 355              	.LVL23:
 356 0002 014B     		ldr	r3, .L25
 357 0004 1847     		bx	r3
 358              	.LVL24:
 359              	.L26:
 360 0006 00BF     		.align	2
 361              	.L25:
 362 0008 01020008 		.word	134218241
 363              	.LBE11:
 364              	.LBE10:
 365              		.cfi_endproc
 366              	.LFE29:
 368              		.section	.text._calloc_r,"ax",%progbits
 369              		.align	1
 370              		.p2align 2,,3
 371              		.global	_calloc_r
 372              		.syntax unified
 373              		.thumb
 374              		.thumb_func
 375              		.fpu fpv4-sp-d16
 377              	_calloc_r:
 378              	.LFB30:
 143:dmcp/sys/pgm_syscalls.c **** 	return malloc(size);
 144:dmcp/sys/pgm_syscalls.c **** }
 145:dmcp/sys/pgm_syscalls.c **** 
 146:dmcp/sys/pgm_syscalls.c **** void * _calloc_r (struct _reent *pr, size_t nmemb, size_t size) {
 379              		.loc 1 146 0
 380              		.cfi_startproc
 381              		@ args = 0, pretend = 0, frame = 0
 382              		@ frame_needed = 0, uses_anonymous_args = 0
 383              		@ link register save eliminated.
 384              	.LVL25:
 385              	.LBB12:
 386              	.LBB13:
 133:dmcp/sys/pgm_syscalls.c **** }
 387              		.loc 1 133 0
 388 0000 0846     		mov	r0, r1
 389              	.LVL26:
 390 0002 014B     		ldr	r3, .L28
 391 0004 1146     		mov	r1, r2
 392              	.LVL27:
ARM GAS  /tmp/ccYlJkKw.s 			page 10


 393 0006 1847     		bx	r3
 394              	.LVL28:
 395              	.L29:
 396              		.align	2
 397              	.L28:
 398 0008 09020008 		.word	134218249
 399              	.LBE13:
 400              	.LBE12:
 401              		.cfi_endproc
 402              	.LFE30:
 404              		.section	.text._realloc_r,"ax",%progbits
 405              		.align	1
 406              		.p2align 2,,3
 407              		.global	_realloc_r
 408              		.syntax unified
 409              		.thumb
 410              		.thumb_func
 411              		.fpu fpv4-sp-d16
 413              	_realloc_r:
 414              	.LFB31:
 147:dmcp/sys/pgm_syscalls.c **** 	return calloc(nmemb, size);
 148:dmcp/sys/pgm_syscalls.c **** }
 149:dmcp/sys/pgm_syscalls.c **** 
 150:dmcp/sys/pgm_syscalls.c **** void * _realloc_r (struct _reent *pr, void *ptr, size_t size) {
 415              		.loc 1 150 0
 416              		.cfi_startproc
 417              		@ args = 0, pretend = 0, frame = 0
 418              		@ frame_needed = 0, uses_anonymous_args = 0
 419              		@ link register save eliminated.
 420              	.LVL29:
 421              	.LBB14:
 422              	.LBB15:
 137:dmcp/sys/pgm_syscalls.c **** }
 423              		.loc 1 137 0
 424 0000 0846     		mov	r0, r1
 425              	.LVL30:
 426 0002 014B     		ldr	r3, .L31
 427 0004 1146     		mov	r1, r2
 428              	.LVL31:
 429 0006 1847     		bx	r3
 430              	.LVL32:
 431              	.L32:
 432              		.align	2
 433              	.L31:
 434 0008 0D020008 		.word	134218253
 435              	.LBE15:
 436              	.LBE14:
 437              		.cfi_endproc
 438              	.LFE31:
 440              		.section	.text._free_r,"ax",%progbits
 441              		.align	1
 442              		.p2align 2,,3
 443              		.global	_free_r
 444              		.syntax unified
 445              		.thumb
 446              		.thumb_func
 447              		.fpu fpv4-sp-d16
ARM GAS  /tmp/ccYlJkKw.s 			page 11


 449              	_free_r:
 450              	.LFB32:
 151:dmcp/sys/pgm_syscalls.c **** 	return realloc(ptr, size);
 152:dmcp/sys/pgm_syscalls.c **** }
 153:dmcp/sys/pgm_syscalls.c **** 
 154:dmcp/sys/pgm_syscalls.c **** void _free_r (struct _reent *pr, void *ptr) {
 451              		.loc 1 154 0
 452              		.cfi_startproc
 453              		@ args = 0, pretend = 0, frame = 0
 454              		@ frame_needed = 0, uses_anonymous_args = 0
 455              		@ link register save eliminated.
 456              	.LVL33:
 457              	.LBB16:
 458              	.LBB17:
 123:dmcp/sys/pgm_syscalls.c **** }
 459              		.loc 1 123 0
 460 0000 0846     		mov	r0, r1
 461              	.LVL34:
 462 0002 014B     		ldr	r3, .L34
 463 0004 1847     		bx	r3	@ indirect register sibling call
 464              	.LVL35:
 465              	.L35:
 466 0006 00BF     		.align	2
 467              	.L34:
 468 0008 05020008 		.word	134218245
 469              	.LBE17:
 470              	.LBE16:
 471              		.cfi_endproc
 472              	.LFE32:
 474              		.section	.text.post_main,"ax",%progbits
 475              		.align	1
 476              		.p2align 2,,3
 477              		.global	post_main
 478              		.syntax unified
 479              		.thumb
 480              		.thumb_func
 481              		.fpu fpv4-sp-d16
 483              	post_main:
 484              	.LFB33:
 155:dmcp/sys/pgm_syscalls.c **** 	free(ptr);
 156:dmcp/sys/pgm_syscalls.c **** }
 157:dmcp/sys/pgm_syscalls.c **** 
 158:dmcp/sys/pgm_syscalls.c **** 
 159:dmcp/sys/pgm_syscalls.c **** void post_main() {
 485              		.loc 1 159 0
 486              		.cfi_startproc
 487              		@ args = 0, pretend = 0, frame = 0
 488              		@ frame_needed = 0, uses_anonymous_args = 0
 489 0000 10B5     		push	{r4, lr}
 490              		.cfi_def_cfa_offset 8
 491              		.cfi_offset 4, -8
 492              		.cfi_offset 14, -4
 160:dmcp/sys/pgm_syscalls.c **** 	// Just start DMCP
 161:dmcp/sys/pgm_syscalls.c **** 	set_reset_magic(RUN_DMCP_MAGIC);
 493              		.loc 1 161 0
 494 0002 034B     		ldr	r3, .L38
 495 0004 0348     		ldr	r0, .L38+4
ARM GAS  /tmp/ccYlJkKw.s 			page 12


 496 0006 9847     		blx	r3
 497              	.LVL36:
 162:dmcp/sys/pgm_syscalls.c **** 	sys_reset();
 498              		.loc 1 162 0
 499 0008 034B     		ldr	r3, .L38+8
 163:dmcp/sys/pgm_syscalls.c **** }
 500              		.loc 1 163 0
 501 000a BDE81040 		pop	{r4, lr}
 502              		.cfi_restore 14
 503              		.cfi_restore 4
 504              		.cfi_def_cfa_offset 0
 162:dmcp/sys/pgm_syscalls.c **** 	sys_reset();
 505              		.loc 1 162 0
 506 000e 1847     		bx	r3	@ indirect register sibling call
 507              	.LVL37:
 508              	.L39:
 509              		.align	2
 510              	.L38:
 511 0010 11030008 		.word	134218513
 512 0014 37EAE73C 		.word	1021831735
 513 0018 21040008 		.word	134218785
 514              		.cfi_endproc
 515              	.LFE33:
 517              		.global	prog_info
 518              		.section	.rodata.prog_info,"a",%progbits
 519              		.align	2
 522              	prog_info:
 523 0000 DEC077D3 		.word	-747126562
 524 0004 00000000 		.word	0
 525 0008 00000000 		.word	Program_Entry
 526 000c 03000000 		.word	3
 527 0010 09000000 		.word	9
 528 0014 F0EA1400 		.word	1370864
 529 0018 D6FE0C00 		.word	851670
 530 001c 444D3432 		.ascii	"DM42PGM\000"
 530      50474D00 
 531 0024 00000000 		.space	8
 531      00000000 
 532 002c 332E3132 		.ascii	"3.12/2.0.22\000"
 532      2F322E30 
 532      2E323200 
 533 0038 00000000 		.space	4
 534              		.text
 535              	.Letext0:
 536              		.file 2 "/usr/include/newlib/machine/_default_types.h"
 537              		.file 3 "/usr/lib/gcc/arm-none-eabi/6.3.1/include/stddef.h"
 538              		.file 4 "/usr/include/newlib/sys/lock.h"
 539              		.file 5 "/usr/include/newlib/sys/_types.h"
 540              		.file 6 "/usr/include/newlib/sys/reent.h"
 541              		.file 7 "/usr/include/newlib/sys/_stdint.h"
 542              		.file 8 "/usr/include/newlib/sys/_timeval.h"
 543              		.file 9 "/usr/include/newlib/sys/types.h"
 544              		.file 10 "/usr/include/newlib/time.h"
 545              		.file 11 "/usr/include/newlib/sys/stat.h"
 546              		.file 12 "/usr/include/newlib/stdlib.h"
 547              		.file 13 "/usr/include/newlib/sys/errno.h"
 548              		.file 14 "dmcp/dmcp.h"
ARM GAS  /tmp/ccYlJkKw.s 			page 13


ARM GAS  /tmp/ccYlJkKw.s 			page 14


DEFINED SYMBOLS
                            *ABS*:0000000000000000 pgm_syscalls.c
     /tmp/ccYlJkKw.s:18     .text._read:0000000000000000 $t
     /tmp/ccYlJkKw.s:26     .text._read:0000000000000000 _read
     /tmp/ccYlJkKw.s:43     .text._write:0000000000000000 $t
     /tmp/ccYlJkKw.s:51     .text._write:0000000000000000 _write
     /tmp/ccYlJkKw.s:66     .text._write:0000000000000004 $d
     /tmp/ccYlJkKw.s:71     .text._close:0000000000000000 $t
     /tmp/ccYlJkKw.s:79     .text._close:0000000000000000 _close
     /tmp/ccYlJkKw.s:95     .text._fstat:0000000000000000 $t
     /tmp/ccYlJkKw.s:103    .text._fstat:0000000000000000 _fstat
     /tmp/ccYlJkKw.s:122    .text._isatty:0000000000000000 $t
     /tmp/ccYlJkKw.s:130    .text._isatty:0000000000000000 _isatty
     /tmp/ccYlJkKw.s:146    .text._lseek:0000000000000000 $t
     /tmp/ccYlJkKw.s:154    .text._lseek:0000000000000000 _lseek
     /tmp/ccYlJkKw.s:170    .text._kill:0000000000000000 $t
     /tmp/ccYlJkKw.s:178    .text._kill:0000000000000000 _kill
     /tmp/ccYlJkKw.s:201    .text._getpid:0000000000000000 $t
     /tmp/ccYlJkKw.s:209    .text._getpid:0000000000000000 _getpid
     /tmp/ccYlJkKw.s:223    .text.free:0000000000000000 $t
     /tmp/ccYlJkKw.s:231    .text.free:0000000000000000 free
     /tmp/ccYlJkKw.s:246    .text.free:0000000000000004 $d
     /tmp/ccYlJkKw.s:251    .text.malloc:0000000000000000 $t
     /tmp/ccYlJkKw.s:259    .text.malloc:0000000000000000 malloc
     /tmp/ccYlJkKw.s:274    .text.malloc:0000000000000004 $d
     /tmp/ccYlJkKw.s:279    .text.calloc:0000000000000000 $t
     /tmp/ccYlJkKw.s:287    .text.calloc:0000000000000000 calloc
     /tmp/ccYlJkKw.s:302    .text.calloc:0000000000000004 $d
     /tmp/ccYlJkKw.s:307    .text.realloc:0000000000000000 $t
     /tmp/ccYlJkKw.s:315    .text.realloc:0000000000000000 realloc
     /tmp/ccYlJkKw.s:330    .text.realloc:0000000000000004 $d
     /tmp/ccYlJkKw.s:335    .text.__wrap__malloc_r:0000000000000000 $t
     /tmp/ccYlJkKw.s:343    .text.__wrap__malloc_r:0000000000000000 __wrap__malloc_r
     /tmp/ccYlJkKw.s:362    .text.__wrap__malloc_r:0000000000000008 $d
     /tmp/ccYlJkKw.s:369    .text._calloc_r:0000000000000000 $t
     /tmp/ccYlJkKw.s:377    .text._calloc_r:0000000000000000 _calloc_r
     /tmp/ccYlJkKw.s:398    .text._calloc_r:0000000000000008 $d
     /tmp/ccYlJkKw.s:405    .text._realloc_r:0000000000000000 $t
     /tmp/ccYlJkKw.s:413    .text._realloc_r:0000000000000000 _realloc_r
     /tmp/ccYlJkKw.s:434    .text._realloc_r:0000000000000008 $d
     /tmp/ccYlJkKw.s:441    .text._free_r:0000000000000000 $t
     /tmp/ccYlJkKw.s:449    .text._free_r:0000000000000000 _free_r
     /tmp/ccYlJkKw.s:468    .text._free_r:0000000000000008 $d
     /tmp/ccYlJkKw.s:475    .text.post_main:0000000000000000 $t
     /tmp/ccYlJkKw.s:483    .text.post_main:0000000000000000 post_main
     /tmp/ccYlJkKw.s:511    .text.post_main:0000000000000010 $d
     /tmp/ccYlJkKw.s:522    .rodata.prog_info:0000000000000000 prog_info
     /tmp/ccYlJkKw.s:519    .rodata.prog_info:0000000000000000 $d
                     .debug_frame:0000000000000010 $d

UNDEFINED SYMBOLS
__errno
Program_Entry
